2014/12/09 03:03:55 [warning] [application] Failed to set unsafe attribute "buckets_count" of "Users".
in /Applications/MAMP/htdocs/invite/protected/controllers/SiteController.php (53)
in /Applications/MAMP/htdocs/invite/index.php (10)
2014/12/09 03:03:55 [warning] [application] Failed to set unsafe attribute "followers_count" of "Users".
in /Applications/MAMP/htdocs/invite/protected/controllers/SiteController.php (53)
in /Applications/MAMP/htdocs/invite/index.php (10)
2014/12/09 03:03:55 [warning] [application] Failed to set unsafe attribute "followings_count" of "Users".
in /Applications/MAMP/htdocs/invite/protected/controllers/SiteController.php (53)
in /Applications/MAMP/htdocs/invite/index.php (10)
2014/12/09 03:03:55 [warning] [application] Failed to set unsafe attribute "likes_count" of "Users".
in /Applications/MAMP/htdocs/invite/protected/controllers/SiteController.php (53)
in /Applications/MAMP/htdocs/invite/index.php (10)
2014/12/09 03:03:55 [warning] [application] Failed to set unsafe attribute "projects_count" of "Users".
in /Applications/MAMP/htdocs/invite/protected/controllers/SiteController.php (53)
in /Applications/MAMP/htdocs/invite/index.php (10)
2014/12/09 03:03:55 [warning] [application] Failed to set unsafe attribute "shots_count" of "Users".
in /Applications/MAMP/htdocs/invite/protected/controllers/SiteController.php (53)
in /Applications/MAMP/htdocs/invite/index.php (10)
2014/12/09 03:03:55 [warning] [application] Failed to set unsafe attribute "teams_count" of "Users".
in /Applications/MAMP/htdocs/invite/protected/controllers/SiteController.php (53)
in /Applications/MAMP/htdocs/invite/index.php (10)
2014/12/09 03:03:55 [warning] [application] Failed to set unsafe attribute "pro" of "Users".
in /Applications/MAMP/htdocs/invite/protected/controllers/SiteController.php (53)
in /Applications/MAMP/htdocs/invite/index.php (10)
2014/12/09 03:03:55 [warning] [application] Failed to set unsafe attribute "buckets_url" of "Users".
in /Applications/MAMP/htdocs/invite/protected/controllers/SiteController.php (53)
in /Applications/MAMP/htdocs/invite/index.php (10)
2014/12/09 03:03:55 [warning] [application] Failed to set unsafe attribute "followers_url" of "Users".
in /Applications/MAMP/htdocs/invite/protected/controllers/SiteController.php (53)
in /Applications/MAMP/htdocs/invite/index.php (10)
2014/12/09 03:03:55 [warning] [application] Failed to set unsafe attribute "following_url" of "Users".
in /Applications/MAMP/htdocs/invite/protected/controllers/SiteController.php (53)
in /Applications/MAMP/htdocs/invite/index.php (10)
2014/12/09 03:03:55 [warning] [application] Failed to set unsafe attribute "likes_url" of "Users".
in /Applications/MAMP/htdocs/invite/protected/controllers/SiteController.php (53)
in /Applications/MAMP/htdocs/invite/index.php (10)
2014/12/09 03:03:55 [warning] [application] Failed to set unsafe attribute "projects_url" of "Users".
in /Applications/MAMP/htdocs/invite/protected/controllers/SiteController.php (53)
in /Applications/MAMP/htdocs/invite/index.php (10)
2014/12/09 03:03:55 [warning] [application] Failed to set unsafe attribute "shots_url" of "Users".
in /Applications/MAMP/htdocs/invite/protected/controllers/SiteController.php (53)
in /Applications/MAMP/htdocs/invite/index.php (10)
2014/12/09 03:03:55 [warning] [application] Failed to set unsafe attribute "teams_url" of "Users".
in /Applications/MAMP/htdocs/invite/protected/controllers/SiteController.php (53)
in /Applications/MAMP/htdocs/invite/index.php (10)
